2025/05/08 12:06:02 [notice] 1#1: using the "epoll" event method
2025/05/08 12:06:02 [notice] 1#1: nginx/1.27.5
2025/05/08 12:06:02 [notice] 1#1: built by gcc 12.2.0 (Debian 12.2.0-14) 
2025/05/08 12:06:02 [notice] 1#1: OS: Linux 5.15.167.4-microsoft-standard-WSL2
2025/05/08 12:06:02 [notice] 1#1: getrlimit(RLIMIT_NOFILE): 1048576:1048576
2025/05/08 12:06:02 [notice] 1#1: start worker processes
2025/05/08 12:06:02 [notice] 1#1: start worker process 22
2025/05/08 12:06:02 [notice] 1#1: start worker process 23
2025/05/08 12:06:02 [notice] 1#1: start worker process 24
2025/05/08 12:06:02 [notice] 1#1: start worker process 25
2025/05/08 12:06:02 [notice] 1#1: start worker process 26
2025/05/08 12:06:02 [notice] 1#1: start worker process 27
2025/05/08 12:06:02 [notice] 1#1: start worker process 28
2025/05/08 12:06:02 [notice] 1#1: start worker process 29
2025/05/08 12:06:02 [notice] 1#1: start worker process 30
2025/05/08 12:06:02 [notice] 1#1: start worker process 31
2025/05/08 12:06:02 [notice] 1#1: start worker process 32
2025/05/08 12:06:02 [notice] 1#1: start worker process 33
2025/05/08 12:06:02 [notice] 1#1: start worker process 34
2025/05/08 12:06:02 [notice] 1#1: start worker process 35
2025/05/08 12:06:02 [notice] 1#1: start worker process 36
2025/05/08 12:06:02 [notice] 1#1: start worker process 37
2025/05/08 12:08:00 [notice] 1#1: using the "epoll" event method
2025/05/08 12:08:00 [notice] 1#1: nginx/1.27.5
2025/05/08 12:08:00 [notice] 1#1: built by gcc 12.2.0 (Debian 12.2.0-14) 
2025/05/08 12:08:00 [notice] 1#1: OS: Linux 5.15.167.4-microsoft-standard-WSL2
2025/05/08 12:08:00 [notice] 1#1: getrlimit(RLIMIT_NOFILE): 1048576:1048576
2025/05/08 12:08:00 [notice] 1#1: start worker processes
2025/05/08 12:08:00 [notice] 1#1: start worker process 22
2025/05/08 12:08:00 [notice] 1#1: start worker process 23
2025/05/08 12:08:00 [notice] 1#1: start worker process 24
2025/05/08 12:08:00 [notice] 1#1: start worker process 25
2025/05/08 12:08:00 [notice] 1#1: start worker process 26
2025/05/08 12:08:00 [notice] 1#1: start worker process 27
2025/05/08 12:08:00 [notice] 1#1: start worker process 28
2025/05/08 12:08:00 [notice] 1#1: start worker process 29
2025/05/08 12:08:00 [notice] 1#1: start worker process 30
2025/05/08 12:08:00 [notice] 1#1: start worker process 31
2025/05/08 12:08:00 [notice] 1#1: start worker process 32
2025/05/08 12:08:00 [notice] 1#1: start worker process 33
2025/05/08 12:08:00 [notice] 1#1: start worker process 34
2025/05/08 12:08:00 [notice] 1#1: start worker process 35
2025/05/08 12:08:00 [notice] 1#1: start worker process 36
2025/05/08 12:08:00 [notice] 1#1: start worker process 37
